
> cm-bus-order@1.0.0 start /data/suyuan/cbo/cm-bus-order
> next start

> Ready on http://localhost:3000
mobile: undefined
mobile: undefined
mobile: undefined

> cm-bus-order@1.0.0 start /data/suyuan/cbo/cm-bus-order
> next start --port 3009

> Ready on http://localhost:3009
mobile: undefined
mobile: undefined
mobile: undefined
mobile: undefined
mobile: undefined
mobile: undefined
mobile: undefined
mobile: undefined
mobile: undefined
mobile: undefined
mobile: undefined
mobile: undefined
mobile: undefined
mobile: undefined
mobile: 15601963619
mobile: undefined
mobile: undefined
mobile: undefined
mobile: 13636672480
mobile: 13636672480
npm ERR! code ELIFECYCLE
npm ERR! errno 137
npm ERR! cm-bus-order@1.0.0 start: `next start --port 3009`
npm ERR! Exit status 137
npm ERR! 
npm ERR! Failed at the cm-bus-order@1.0.0 start script.
npm ERR! This is probably not a problem with npm. There is likely additional logging output above.

npm ERR! A complete log of this run can be found in:
npm ERR!     /root/.npm/_logs/2018-06-11T03_46_50_026Z-debug.log

> cm-bus-order@1.0.0 start /data/suyuan/cbo/cm-bus-order
> next start --port 3009

> Ready on http://localhost:3009
mobile: 13636672480
mobile: 13636672480
mobile: undefined
mobile: undefined
mobile: undefined
